
=== Tue Apr  2 02:47:09 2024

Packages were changed.
Update Mode: mergeDefaultDependencies

The following packages were 已添加:
  com.unity.modules.ai@1.0.0
  com.unity.modules.androidjni@1.0.0
  com.unity.modules.animation@1.0.0
  com.unity.modules.assetbundle@1.0.0
  com.unity.modules.audio@1.0.0
  com.unity.modules.cloth@1.0.0
  com.unity.modules.director@1.0.0
  com.unity.modules.imageconversion@1.0.0
  com.unity.modules.imgui@1.0.0
  com.unity.modules.jsonserialize@1.0.0
  com.unity.modules.particlesystem@1.0.0
  com.unity.modules.physics@1.0.0
  com.unity.modules.physics2d@1.0.0
  com.unity.modules.screencapture@1.0.0
  com.unity.modules.terrain@1.0.0
  com.unity.modules.terrainphysics@1.0.0
  com.unity.modules.tilemap@1.0.0
  com.unity.modules.ui@1.0.0
  com.unity.modules.uielements@1.0.0
  com.unity.modules.umbra@1.0.0
  com.unity.modules.unityanalytics@1.0.0
  com.unity.modules.unitywebrequest@1.0.0
  com.unity.modules.unitywebrequestassetbundle@1.0.0
  com.unity.modules.unitywebrequestaudio@1.0.0
  com.unity.modules.unitywebrequesttexture@1.0.0
  com.unity.modules.unitywebrequestwww@1.0.0
  com.unity.modules.vehicles@1.0.0
  com.unity.modules.video@1.0.0
  com.unity.modules.vr@1.0.0
  com.unity.modules.wind@1.0.0
  com.unity.modules.xr@1.0.0
The following packages were 已更新:
  com.unity.collab-proxy 从版本 1.13.5 到 2.2.0
  com.unity.timeline 从版本 1.6.2 到 1.7.6
  com.unity.visualscripting 从版本 1.7.6 到 1.9.1

=== Wed Apr  3 08:56:36 2024

Packages were changed.
Update Mode: updateDependencies

The following packages were 已更新:
  com.unity.collab-proxy 从版本 1.15.18 到 2.2.0
  com.unity.ide.rider 从版本 2.0.7 到 3.0.27
  com.unity.ide.visualstudio 从版本 2.0.15 到 2.0.22
  com.unity.recorder 从版本 2.5.7 到 4.0.2
  com.unity.render-pipelines.universal 从版本 10.9.0 到 14.0.9
  com.unity.test-framework 从版本 1.1.31 到 1.1.33
  com.unity.timeline 从版本 1.4.8 到 1.7.6
  com.unity.xr.interaction.toolkit 从版本 2.0.1 到 2.5.2
  com.unity.xr.management 从版本 4.2.1 到 4.4.0
  com.unity.xr.oculus 从版本 1.12.1 到 4.1.2

=== Wed Apr  3 08:56:36 2024

Packages were changed.
Update Mode: mergeDefaultDependencies

The following packages were 已添加:
  com.unity.ide.rider@3.0.27
  com.unity.ide.visualstudio@2.0.22
  com.unity.ide.vscode@1.2.5
  com.unity.recorder@4.0.2
  com.unity.render-pipelines.universal@14.0.9
  com.unity.test-framework@1.1.33
  com.unity.xr.interaction.toolkit@2.5.2
  com.unity.xr.management@4.4.0
  com.unity.xr.oculus@4.1.2

=== Fri Apr 12 21:21:49 2024

Packages were changed.
Update Mode: updateDependencies

The following packages were 已更新:
  com.unity.collab-proxy 从版本 1.2.16 到 2.2.0
  com.unity.ide.rider 从版本 1.1.4 到 3.0.27
  com.unity.ide.vscode 从版本 1.2.1 到 1.2.5
  com.unity.render-pipelines.high-definition 从版本 7.3.1 到 14.0.9
  com.unity.test-framework 从版本 1.1.16 到 1.1.33
  com.unity.textmeshpro 从版本 2.1.1 到 3.0.6
  com.unity.timeline 从版本 1.2.15 到 1.7.6

=== Fri Apr 12 21:21:49 2024

Packages were changed.
Update Mode: mergeDefaultDependencies

The following packages were 已添加:
  com.unity.render-pipelines.high-definition@14.0.9
